<?xml version="1.0" encoding="UTF-8"?>
<testsuite xmlns:xsi="http://www.w3.org/2001/XMLSchema-instance" xsi:noNamespaceSchemaLocation="https://maven.apache.org/surefire/maven-surefire-plugin/xsd/surefire-test-report.xsd" name="com.julianduru.fileuploader.FileUploaderApplicationTests" time="0.002" tests="1" errors="1" skipped="0" failures="0">
  <properties>
    <property name="java.specification.version" value="17"/>
    <property name="sun.jnu.encoding" value="UTF-8"/>
    <property name="java.class.path" value="/Users/dduru/IdeaProjects/Private/libs/file-uploader-jpa/target/test-classes:/Users/dduru/IdeaProjects/Private/libs/file-uploader-jpa/target/classes:/Users/dduru/.m2/repository/com/julianduru/file-uploader/0.5.sample/file-uploader-0.5.sample.jar:/Users/dduru/.m2/repository/org/springframework/boot/spring-boot-starter-web/2.7.3/spring-boot-starter-web-2.7.3.jar:/Users/dduru/.m2/repository/org/springframework/boot/spring-boot-starter-json/2.7.3/spring-boot-starter-json-2.7.3.jar:/Users/dduru/.m2/repository/com/fasterxml/jackson/datatype/jackson-datatype-jdk8/2.13.3/jackson-datatype-jdk8-2.13.3.jar:/Users/dduru/.m2/repository/com/fasterxml/jackson/datatype/jackson-datatype-jsr310/2.13.3/jackson-datatype-jsr310-2.13.3.jar:/Users/dduru/.m2/repository/com/fasterxml/jackson/module/jackson-module-parameter-names/2.13.3/jackson-module-parameter-names-2.13.3.jar:/Users/dduru/.m2/repository/org/springframework/boot/spring-boot-starter-tomcat/2.7.3/spring-boot-starter-tomcat-2.7.3.jar:/Users/dduru/.m2/repository/org/apache/tomcat/embed/tomcat-embed-core/9.0.65/tomcat-embed-core-9.0.65.jar:/Users/dduru/.m2/repository/org/apache/tomcat/embed/tomcat-embed-el/9.0.65/tomcat-embed-el-9.0.65.jar:/Users/dduru/.m2/repository/org/apache/tomcat/embed/tomcat-embed-websocket/9.0.65/tomcat-embed-websocket-9.0.65.jar:/Users/dduru/.m2/repository/org/springframework/spring-web/5.3.22/spring-web-5.3.22.jar:/Users/dduru/.m2/repository/org/springframework/spring-webmvc/5.3.22/spring-webmvc-5.3.22.jar:/Users/dduru/.m2/repository/org/springframework/spring-expression/5.3.22/spring-expression-5.3.22.jar:/Users/dduru/.m2/repository/software/amazon/awssdk/s3/2.15.15/s3-2.15.15.jar:/Users/dduru/.m2/repository/software/amazon/awssdk/aws-xml-protocol/2.15.15/aws-xml-protocol-2.15.15.jar:/Users/dduru/.m2/repository/software/amazon/awssdk/aws-query-protocol/2.15.15/aws-query-protocol-2.15.15.jar:/Users/dduru/.m2/repository/software/amazon/awssdk/protocol-core/2.15.15/protocol-core-2.15.15.jar:/Users/dduru/.m2/repository/software/amazon/awssdk/arns/2.15.15/arns-2.15.15.jar:/Users/dduru/.m2/repository/software/amazon/awssdk/profiles/2.15.15/profiles-2.15.15.jar:/Users/dduru/.m2/repository/software/amazon/awssdk/sdk-core/2.15.15/sdk-core-2.15.15.jar:/Users/dduru/.m2/repository/com/fasterxml/jackson/core/jackson-core/2.13.3/jackson-core-2.13.3.jar:/Users/dduru/.m2/repository/org/reactivestreams/reactive-streams/1.0.4/reactive-streams-1.0.4.jar:/Users/dduru/.m2/repository/software/amazon/awssdk/auth/2.15.15/auth-2.15.15.jar:/Users/dduru/.m2/repository/software/amazon/eventstream/eventstream/1.0.1/eventstream-1.0.1.jar:/Users/dduru/.m2/repository/software/amazon/awssdk/http-client-spi/2.15.15/http-client-spi-2.15.15.jar:/Users/dduru/.m2/repository/software/amazon/awssdk/regions/2.15.15/regions-2.15.15.jar:/Users/dduru/.m2/repository/com/fasterxml/jackson/core/jackson-annotations/2.13.3/jackson-annotations-2.13.3.jar:/Users/dduru/.m2/repository/software/amazon/awssdk/annotations/2.15.15/annotations-2.15.15.jar:/Users/dduru/.m2/repository/software/amazon/awssdk/utils/2.15.15/utils-2.15.15.jar:/Users/dduru/.m2/repository/software/amazon/awssdk/aws-core/2.15.15/aws-core-2.15.15.jar:/Users/dduru/.m2/repository/software/amazon/awssdk/metrics-spi/2.15.15/metrics-spi-2.15.15.jar:/Users/dduru/.m2/repository/software/amazon/awssdk/apache-client/2.15.15/apache-client-2.15.15.jar:/Users/dduru/.m2/repository/org/apache/httpcomponents/httpcore/4.4.15/httpcore-4.4.15.jar:/Users/dduru/.m2/repository/software/amazon/awssdk/netty-nio-client/2.15.15/netty-nio-client-2.15.15.jar:/Users/dduru/.m2/repository/io/netty/netty-codec-http/4.1.79.Final/netty-codec-http-4.1.79.Final.jar:/Users/dduru/.m2/repository/io/netty/netty-codec-http2/4.1.79.Final/netty-codec-http2-4.1.79.Final.jar:/Users/dduru/.m2/repository/io/netty/netty-codec/4.1.79.Final/netty-codec-4.1.79.Final.jar:/Users/dduru/.m2/repository/io/netty/netty-transport/4.1.79.Final/netty-transport-4.1.79.Final.jar:/Users/dduru/.m2/repository/io/netty/netty-buffer/4.1.79.Final/netty-buffer-4.1.79.Final.jar:/Users/dduru/.m2/repository/io/netty/netty-handler/4.1.79.Final/netty-handler-4.1.79.Final.jar:/Users/dduru/.m2/repository/io/netty/netty-transport-native-epoll/4.1.79.Final/netty-transport-native-epoll-4.1.79.Final-linux-x86_64.jar:/Users/dduru/.m2/repository/io/netty/netty-transport-classes-epoll/4.1.79.Final/netty-transport-classes-epoll-4.1.79.Final.jar:/Users/dduru/.m2/repository/com/typesafe/netty/netty-reactive-streams-http/2.0.4/netty-reactive-streams-http-2.0.4.jar:/Users/dduru/.m2/repository/com/typesafe/netty/netty-reactive-streams/2.0.4/netty-reactive-streams-2.0.4.jar:/Users/dduru/.m2/repository/com/cloudinary/cloudinary-http44/1.33.0/cloudinary-http44-1.33.0.jar:/Users/dduru/.m2/repository/com/cloudinary/cloudinary-core/1.33.0/cloudinary-core-1.33.0.jar:/Users/dduru/.m2/repository/org/apache/httpcomponents/httpclient/4.5.13/httpclient-4.5.13.jar:/Users/dduru/.m2/repository/commons-codec/commons-codec/1.15/commons-codec-1.15.jar:/Users/dduru/.m2/repository/org/apache/httpcomponents/httpmime/4.5.13/httpmime-4.5.13.jar:/Users/dduru/.m2/repository/commons-io/commons-io/1.3.2/commons-io-1.3.2.jar:/Users/dduru/.m2/repository/com/julianduru/util-lib/0.12.0-SNAPSHOT/util-lib-0.12.0-SNAPSHOT.jar:/Users/dduru/.m2/repository/org/springframework/boot/spring-boot-starter-validation/2.7.3/spring-boot-starter-validation-2.7.3.jar:/Users/dduru/.m2/repository/org/hibernate/validator/hibernate-validator/6.2.4.Final/hibernate-validator-6.2.4.Final.jar:/Users/dduru/.m2/repository/jakarta/validation/jakarta.validation-api/2.0.2/jakarta.validation-api-2.0.2.jar:/Users/dduru/.m2/repository/org/springframework/boot/spring-boot-starter-data-rest/2.7.3/spring-boot-starter-data-rest-2.7.3.jar:/Users/dduru/.m2/repository/org/springframework/data/spring-data-rest-webmvc/3.7.2/spring-data-rest-webmvc-3.7.2.jar:/Users/dduru/.m2/repository/org/springframework/data/spring-data-rest-core/3.7.2/spring-data-rest-core-3.7.2.jar:/Users/dduru/.m2/repository/org/springframework/hateoas/spring-hateoas/1.5.1/spring-hateoas-1.5.1.jar:/Users/dduru/.m2/repository/org/springframework/plugin/spring-plugin-core/2.0.0.RELEASE/spring-plugin-core-2.0.0.RELEASE.jar:/Users/dduru/.m2/repository/org/atteo/evo-inflector/1.3/evo-inflector-1.3.jar:/Users/dduru/.m2/repository/org/json/json/20190722/json-20190722.jar:/Users/dduru/.m2/repository/com/fasterxml/jackson/core/jackson-databind/2.13.3/jackson-databind-2.13.3.jar:/Users/dduru/.m2/repository/org/modelmapper/modelmapper/2.3.5/modelmapper-2.3.5.jar:/Users/dduru/.m2/repository/com/google/guava/guava/28.2-jre/guava-28.2-jre.jar:/Users/dduru/.m2/repository/com/google/guava/failureaccess/1.0.1/failureaccess-1.0.1.jar:/Users/dduru/.m2/repository/com/google/guava/listenablefuture/9999.0-empty-to-avoid-conflict-with-guava/listenablefuture-9999.0-empty-to-avoid-conflict-with-guava.jar:/Users/dduru/.m2/repository/com/google/code/findbugs/jsr305/3.0.2/jsr305-3.0.2.jar:/Users/dduru/.m2/repository/org/checkerframework/checker-qual/2.10.0/checker-qual-2.10.0.jar:/Users/dduru/.m2/repository/com/google/errorprone/error_prone_annotations/2.3.4/error_prone_annotations-2.3.4.jar:/Users/dduru/.m2/repository/com/google/j2objc/j2objc-annotations/1.3/j2objc-annotations-1.3.jar:/Users/dduru/.m2/repository/org/awaitility/awaitility/4.2.0/awaitility-4.2.0.jar:/Users/dduru/.m2/repository/commons-beanutils/commons-beanutils/1.9.3/commons-beanutils-1.9.3.jar:/Users/dduru/.m2/repository/commons-logging/commons-logging/1.2/commons-logging-1.2.jar:/Users/dduru/.m2/repository/commons-collections/commons-collections/3.2.2/commons-collections-3.2.2.jar:/Users/dduru/.m2/repository/org/liquibase/liquibase-core/4.9.1/liquibase-core-4.9.1.jar:/Users/dduru/.m2/repository/javax/xml/bind/jaxb-api/2.3.1/jaxb-api-2.3.1.jar:/Users/dduru/.m2/repository/javax/activation/javax.activation-api/1.2.0/javax.activation-api-1.2.0.jar:/Users/dduru/.m2/repository/org/liquibase/liquibase-maven-plugin/4.6.2/liquibase-maven-plugin-4.6.2.jar:/Users/dduru/.m2/repository/org/apache/maven/maven-plugin-api/3.3.9/maven-plugin-api-3.3.9.jar:/Users/dduru/.m2/repository/org/apache/maven/maven-model/3.3.9/maven-model-3.3.9.jar:/Users/dduru/.m2/repository/org/eclipse/sisu/org.eclipse.sisu.plexus/0.3.2/org.eclipse.sisu.plexus-0.3.2.jar:/Users/dduru/.m2/repository/javax/enterprise/cdi-api/1.0/cdi-api-1.0.jar:/Users/dduru/.m2/repository/javax/annotation/jsr250-api/1.0/jsr250-api-1.0.jar:/Users/dduru/.m2/repository/org/eclipse/sisu/org.eclipse.sisu.inject/0.3.2/org.eclipse.sisu.inject-0.3.2.jar:/Users/dduru/.m2/repository/org/apache/maven/maven-core/3.3.9/maven-core-3.3.9.jar:/Users/dduru/.m2/repository/org/apache/maven/maven-settings/3.3.9/maven-settings-3.3.9.jar:/Users/dduru/.m2/repository/org/apache/maven/maven-settings-builder/3.3.9/maven-settings-builder-3.3.9.jar:/Users/dduru/.m2/repository/org/apache/maven/maven-builder-support/3.3.9/maven-builder-support-3.3.9.jar:/Users/dduru/.m2/repository/org/apache/maven/maven-repository-metadata/3.3.9/maven-repository-metadata-3.3.9.jar:/Users/dduru/.m2/repository/org/apache/maven/maven-model-builder/3.3.9/maven-model-builder-3.3.9.jar:/Users/dduru/.m2/repository/org/apache/maven/maven-aether-provider/3.3.9/maven-aether-provider-3.3.9.jar:/Users/dduru/.m2/repository/org/eclipse/aether/aether-spi/1.0.2.v20150114/aether-spi-1.0.2.v20150114.jar:/Users/dduru/.m2/repository/org/eclipse/aether/aether-impl/1.0.2.v20150114/aether-impl-1.0.2.v20150114.jar:/Users/dduru/.m2/repository/org/eclipse/aether/aether-api/1.0.2.v20150114/aether-api-1.0.2.v20150114.jar:/Users/dduru/.m2/repository/org/eclipse/aether/aether-util/1.0.2.v20150114/aether-util-1.0.2.v20150114.jar:/Users/dduru/.m2/repository/com/google/inject/guice/4.0/guice-4.0-no_aop.jar:/Users/dduru/.m2/repository/javax/inject/javax.inject/1/javax.inject-1.jar:/Users/dduru/.m2/repository/aopalliance/aopalliance/1.0/aopalliance-1.0.jar:/Users/dduru/.m2/repository/org/codehaus/plexus/plexus-interpolation/1.21/plexus-interpolation-1.21.jar:/Users/dduru/.m2/repository/org/codehaus/plexus/plexus-utils/3.0.22/plexus-utils-3.0.22.jar:/Users/dduru/.m2/repository/org/codehaus/plexus/plexus-classworlds/2.5.2/plexus-classworlds-2.5.2.jar:/Users/dduru/.m2/repository/org/codehaus/plexus/plexus-component-annotations/1.6/plexus-component-annotations-1.6.jar:/Users/dduru/.m2/repository/org/sonatype/plexus/plexus-sec-dispatcher/1.3/plexus-sec-dispatcher-1.3.jar:/Users/dduru/.m2/repository/org/sonatype/plexus/plexus-cipher/1.4/plexus-cipher-1.4.jar:/Users/dduru/.m2/repository/org/apache/maven/maven-artifact/3.3.9/maven-artifact-3.3.9.jar:/Users/dduru/.m2/repository/org/apache/maven/maven-compat/3.3.9/maven-compat-3.3.9.jar:/Users/dduru/.m2/repository/org/apache/maven/wagon/wagon-provider-api/2.10/wagon-provider-api-2.10.jar:/Users/dduru/.m2/repository/org/springframework/boot/spring-boot-starter-data-jpa/2.7.3/spring-boot-starter-data-jpa-2.7.3.jar:/Users/dduru/.m2/repository/org/springframework/boot/spring-boot-starter-aop/2.7.3/spring-boot-starter-aop-2.7.3.jar:/Users/dduru/.m2/repository/org/springframework/spring-aop/5.3.22/spring-aop-5.3.22.jar:/Users/dduru/.m2/repository/org/aspectj/aspectjweaver/1.9.7/aspectjweaver-1.9.7.jar:/Users/dduru/.m2/repository/org/springframework/boot/spring-boot-starter-jdbc/2.7.3/spring-boot-starter-jdbc-2.7.3.jar:/Users/dduru/.m2/repository/com/zaxxer/HikariCP/4.0.3/HikariCP-4.0.3.jar:/Users/dduru/.m2/repository/org/springframework/spring-jdbc/5.3.22/spring-jdbc-5.3.22.jar:/Users/dduru/.m2/repository/jakarta/transaction/jakarta.transaction-api/1.3.3/jakarta.transaction-api-1.3.3.jar:/Users/dduru/.m2/repository/jakarta/persistence/jakarta.persistence-api/2.2.3/jakarta.persistence-api-2.2.3.jar:/Users/dduru/.m2/repository/org/hibernate/hibernate-core/5.6.10.Final/hibernate-core-5.6.10.Final.jar:/Users/dduru/.m2/repository/org/jboss/logging/jboss-logging/3.4.3.Final/jboss-logging-3.4.3.Final.jar:/Users/dduru/.m2/repository/net/bytebuddy/byte-buddy/1.12.13/byte-buddy-1.12.13.jar:/Users/dduru/.m2/repository/antlr/antlr/2.7.7/antlr-2.7.7.jar:/Users/dduru/.m2/repository/org/jboss/jandex/2.4.2.Final/jandex-2.4.2.Final.jar:/Users/dduru/.m2/repository/com/fasterxml/classmate/1.5.1/classmate-1.5.1.jar:/Users/dduru/.m2/repository/org/hibernate/common/hibernate-commons-annotations/5.1.2.Final/hibernate-commons-annotations-5.1.2.Final.jar:/Users/dduru/.m2/repository/org/glassfish/jaxb/jaxb-runtime/2.3.6/jaxb-runtime-2.3.6.jar:/Users/dduru/.m2/repository/org/glassfish/jaxb/txw2/2.3.6/txw2-2.3.6.jar:/Users/dduru/.m2/repository/com/sun/istack/istack-commons-runtime/3.0.12/istack-commons-runtime-3.0.12.jar:/Users/dduru/.m2/repository/com/sun/activation/jakarta.activation/1.2.2/jakarta.activation-1.2.2.jar:/Users/dduru/.m2/repository/org/springframework/data/spring-data-jpa/2.7.2/spring-data-jpa-2.7.2.jar:/Users/dduru/.m2/repository/org/springframework/data/spring-data-commons/2.7.2/spring-data-commons-2.7.2.jar:/Users/dduru/.m2/repository/org/springframework/spring-orm/5.3.22/spring-orm-5.3.22.jar:/Users/dduru/.m2/repository/org/springframework/spring-context/5.3.22/spring-context-5.3.22.jar:/Users/dduru/.m2/repository/org/springframework/spring-tx/5.3.22/spring-tx-5.3.22.jar:/Users/dduru/.m2/repository/org/springframework/spring-beans/5.3.22/spring-beans-5.3.22.jar:/Users/dduru/.m2/repository/org/slf4j/slf4j-api/1.7.36/slf4j-api-1.7.36.jar:/Users/dduru/.m2/repository/org/springframework/spring-aspects/5.3.22/spring-aspects-5.3.22.jar:/Users/dduru/.m2/repository/mysql/mysql-connector-java/8.0.19/mysql-connector-java-8.0.19.jar:/Users/dduru/.m2/repository/org/testcontainers/mysql/1.15.3/mysql-1.15.3.jar:/Users/dduru/.m2/repository/org/testcontainers/jdbc/1.15.3/jdbc-1.15.3.jar:/Users/dduru/.m2/repository/org/testcontainers/database-commons/1.15.3/database-commons-1.15.3.jar:/Users/dduru/.m2/repository/org/projectlombok/lombok/1.18.24/lombok-1.18.24.jar:/Users/dduru/.m2/repository/org/testcontainers/junit-jupiter/1.15.3/junit-jupiter-1.15.3.jar:/Users/dduru/.m2/repository/org/testcontainers/testcontainers/1.15.3/testcontainers-1.15.3.jar:/Users/dduru/.m2/repository/junit/junit/4.13.2/junit-4.13.2.jar:/Users/dduru/.m2/repository/org/hamcrest/hamcrest-core/2.2/hamcrest-core-2.2.jar:/Users/dduru/.m2/repository/org/apache/commons/commons-compress/1.20/commons-compress-1.20.jar:/Users/dduru/.m2/repository/org/rnorth/duct-tape/duct-tape/1.0.8/duct-tape-1.0.8.jar:/Users/dduru/.m2/repository/org/rnorth/visible-assertions/visible-assertions/2.1.2/visible-assertions-2.1.2.jar:/Users/dduru/.m2/repository/net/java/dev/jna/jna/5.8.0/jna-5.8.0.jar:/Users/dduru/.m2/repository/com/github/docker-java/docker-java-api/3.2.8/docker-java-api-3.2.8.jar:/Users/dduru/.m2/repository/com/github/docker-java/docker-java-transport-zerodep/3.2.8/docker-java-transport-zerodep-3.2.8.jar:/Users/dduru/.m2/repository/com/github/docker-java/docker-java-transport/3.2.8/docker-java-transport-3.2.8.jar:/Users/dduru/.m2/repository/org/junit/jupiter/junit-jupiter-api/5.8.2/junit-jupiter-api-5.8.2.jar:/Users/dduru/.m2/repository/org/opentest4j/opentest4j/1.2.0/opentest4j-1.2.0.jar:/Users/dduru/.m2/repository/org/junit/platform/junit-platform-commons/1.8.2/junit-platform-commons-1.8.2.jar:/Users/dduru/.m2/repository/org/apiguardian/apiguardian-api/1.1.2/apiguardian-api-1.1.2.jar:/Users/dduru/.m2/repository/com/h2database/h2/1.4.200/h2-1.4.200.jar:/Users/dduru/.m2/repository/com/github/javafaker/javafaker/1.0.2/javafaker-1.0.2.jar:/Users/dduru/.m2/repository/org/apache/commons/commons-lang3/3.12.0/commons-lang3-3.12.0.jar:/Users/dduru/.m2/repository/org/yaml/snakeyaml/1.23/snakeyaml-1.23-android.jar:/Users/dduru/.m2/repository/com/github/mifmif/generex/1.0.2/generex-1.0.2.jar:/Users/dduru/.m2/repository/dk/brics/automaton/automaton/1.11-8/automaton-1.11-8.jar:/Users/dduru/.m2/repository/org/springframework/boot/spring-boot-starter-test/2.7.3/spring-boot-starter-test-2.7.3.jar:/Users/dduru/.m2/repository/org/springframework/boot/spring-boot-starter/2.7.3/spring-boot-starter-2.7.3.jar:/Users/dduru/.m2/repository/org/springframework/boot/spring-boot/2.7.3/spring-boot-2.7.3.jar:/Users/dduru/.m2/repository/org/springframework/boot/spring-boot-autoconfigure/2.7.3/spring-boot-autoconfigure-2.7.3.jar:/Users/dduru/.m2/repository/org/springframework/boot/spring-boot-starter-logging/2.7.3/spring-boot-starter-logging-2.7.3.jar:/Users/dduru/.m2/repository/ch/qos/logback/logback-classic/1.2.11/logback-classic-1.2.11.jar:/Users/dduru/.m2/repository/ch/qos/logback/logback-core/1.2.11/logback-core-1.2.11.jar:/Users/dduru/.m2/repository/org/apache/logging/log4j/log4j-to-slf4j/2.17.2/log4j-to-slf4j-2.17.2.jar:/Users/dduru/.m2/repository/org/apache/logging/log4j/log4j-api/2.17.2/log4j-api-2.17.2.jar:/Users/dduru/.m2/repository/org/slf4j/jul-to-slf4j/1.7.36/jul-to-slf4j-1.7.36.jar:/Users/dduru/.m2/repository/jakarta/annotation/jakarta.annotation-api/1.3.5/jakarta.annotation-api-1.3.5.jar:/Users/dduru/.m2/repository/org/yaml/snakeyaml/1.30/snakeyaml-1.30.jar:/Users/dduru/.m2/repository/org/springframework/boot/spring-boot-test/2.7.3/spring-boot-test-2.7.3.jar:/Users/dduru/.m2/repository/org/springframework/boot/spring-boot-test-autoconfigure/2.7.3/spring-boot-test-autoconfigure-2.7.3.jar:/Users/dduru/.m2/repository/com/jayway/jsonpath/json-path/2.7.0/json-path-2.7.0.jar:/Users/dduru/.m2/repository/net/minidev/json-smart/2.4.8/json-smart-2.4.8.jar:/Users/dduru/.m2/repository/net/minidev/accessors-smart/2.4.8/accessors-smart-2.4.8.jar:/Users/dduru/.m2/repository/org/ow2/asm/asm/9.1/asm-9.1.jar:/Users/dduru/.m2/repository/jakarta/xml/bind/jakarta.xml.bind-api/2.3.3/jakarta.xml.bind-api-2.3.3.jar:/Users/dduru/.m2/repository/jakarta/activation/jakarta.activation-api/1.2.2/jakarta.activation-api-1.2.2.jar:/Users/dduru/.m2/repository/org/assertj/assertj-core/3.22.0/assertj-core-3.22.0.jar:/Users/dduru/.m2/repository/org/hamcrest/hamcrest/2.2/hamcrest-2.2.jar:/Users/dduru/.m2/repository/org/junit/jupiter/junit-jupiter/5.8.2/junit-jupiter-5.8.2.jar:/Users/dduru/.m2/repository/org/junit/jupiter/junit-jupiter-params/5.8.2/junit-jupiter-params-5.8.2.jar:/Users/dduru/.m2/repository/org/junit/jupiter/junit-jupiter-engine/5.8.2/junit-jupiter-engine-5.8.2.jar:/Users/dduru/.m2/repository/org/junit/platform/junit-platform-engine/1.8.2/junit-platform-engine-1.8.2.jar:/Users/dduru/.m2/repository/org/mockito/mockito-core/4.5.1/mockito-core-4.5.1.jar:/Users/dduru/.m2/repository/net/bytebuddy/byte-buddy-agent/1.12.13/byte-buddy-agent-1.12.13.jar:/Users/dduru/.m2/repository/org/objenesis/objenesis/3.2/objenesis-3.2.jar:/Users/dduru/.m2/repository/org/mockito/mockito-junit-jupiter/4.5.1/mockito-junit-jupiter-4.5.1.jar:/Users/dduru/.m2/repository/org/skyscreamer/jsonassert/1.5.1/jsonassert-1.5.1.jar:/Users/dduru/.m2/repository/com/vaadin/external/google/android-json/0.0.20131108.vaadin1/android-json-0.0.20131108.vaadin1.jar:/Users/dduru/.m2/repository/org/springframework/spring-core/5.3.22/spring-core-5.3.22.jar:/Users/dduru/.m2/repository/org/springframework/spring-jcl/5.3.22/spring-jcl-5.3.22.jar:/Users/dduru/.m2/repository/org/springframework/spring-test/5.3.22/spring-test-5.3.22.jar:/Users/dduru/.m2/repository/org/xmlunit/xmlunit-core/2.9.0/xmlunit-core-2.9.0.jar:/Users/dduru/.m2/repository/com/github/ulisesbocchio/jasypt-spring-boot-starter/3.0.4/jasypt-spring-boot-starter-3.0.4.jar:/Users/dduru/.m2/repository/com/github/ulisesbocchio/jasypt-spring-boot/3.0.4/jasypt-spring-boot-3.0.4.jar:/Users/dduru/.m2/repository/org/jasypt/jasypt/1.9.3/jasypt-1.9.3.jar:/Users/dduru/.m2/repository/io/netty/netty-resolver-dns-native-macos/4.1.79.Final/netty-resolver-dns-native-macos-4.1.79.Final-osx-aarch_64.jar:/Users/dduru/.m2/repository/io/netty/netty-resolver-dns-classes-macos/4.1.79.Final/netty-resolver-dns-classes-macos-4.1.79.Final.jar:/Users/dduru/.m2/repository/io/netty/netty-common/4.1.79.Final/netty-common-4.1.79.Final.jar:/Users/dduru/.m2/repository/io/netty/netty-resolver-dns/4.1.79.Final/netty-resolver-dns-4.1.79.Final.jar:/Users/dduru/.m2/repository/io/netty/netty-resolver/4.1.79.Final/netty-resolver-4.1.79.Final.jar:/Users/dduru/.m2/repository/io/netty/netty-codec-dns/4.1.79.Final/netty-codec-dns-4.1.79.Final.jar:/Users/dduru/.m2/repository/io/netty/netty-transport-native-unix-common/4.1.79.Final/netty-transport-native-unix-common-4.1.79.Final.jar:"/>
    <property name="java.vm.vendor" value="Oracle Corporation"/>
    <property name="sun.arch.data.model" value="64"/>
    <property name="java.vendor.url" value="https://java.oracle.com/"/>
    <property name="os.name" value="Mac OS X"/>
    <property name="java.vm.specification.version" value="17"/>
    <property name="sun.java.launcher" value="SUN_STANDARD"/>
    <property name="user.country" value="NG"/>
    <property name="sun.boot.library.path" value="/Library/Java/JavaVirtualMachines/jdk-17.0.2.jdk/Contents/Home/lib"/>
    <property name="sun.java.command" value="/Users/dduru/IdeaProjects/Private/libs/file-uploader-jpa/target/surefire/surefirebooter6321670699713223228.jar /Users/dduru/IdeaProjects/Private/libs/file-uploader-jpa/target/surefire 2022-11-20T10-46-44_070-jvmRun1 surefire908669499895566701tmp surefire_02115936814273290842tmp"/>
    <property name="http.nonProxyHosts" value="local|*.local|169.254/16|*.169.254/16"/>
    <property name="jdk.debug" value="release"/>
    <property name="surefire.test.class.path" value="/Users/dduru/IdeaProjects/Private/libs/file-uploader-jpa/target/test-classes:/Users/dduru/IdeaProjects/Private/libs/file-uploader-jpa/target/classes:/Users/dduru/.m2/repository/com/julianduru/file-uploader/0.5.sample/file-uploader-0.5.sample.jar:/Users/dduru/.m2/repository/org/springframework/boot/spring-boot-starter-web/2.7.3/spring-boot-starter-web-2.7.3.jar:/Users/dduru/.m2/repository/org/springframework/boot/spring-boot-starter-json/2.7.3/spring-boot-starter-json-2.7.3.jar:/Users/dduru/.m2/repository/com/fasterxml/jackson/datatype/jackson-datatype-jdk8/2.13.3/jackson-datatype-jdk8-2.13.3.jar:/Users/dduru/.m2/repository/com/fasterxml/jackson/datatype/jackson-datatype-jsr310/2.13.3/jackson-datatype-jsr310-2.13.3.jar:/Users/dduru/.m2/repository/com/fasterxml/jackson/module/jackson-module-parameter-names/2.13.3/jackson-module-parameter-names-2.13.3.jar:/Users/dduru/.m2/repository/org/springframework/boot/spring-boot-starter-tomcat/2.7.3/spring-boot-starter-tomcat-2.7.3.jar:/Users/dduru/.m2/repository/org/apache/tomcat/embed/tomcat-embed-core/9.0.65/tomcat-embed-core-9.0.65.jar:/Users/dduru/.m2/repository/org/apache/tomcat/embed/tomcat-embed-el/9.0.65/tomcat-embed-el-9.0.65.jar:/Users/dduru/.m2/repository/org/apache/tomcat/embed/tomcat-embed-websocket/9.0.65/tomcat-embed-websocket-9.0.65.jar:/Users/dduru/.m2/repository/org/springframework/spring-web/5.3.22/spring-web-5.3.22.jar:/Users/dduru/.m2/repository/org/springframework/spring-webmvc/5.3.22/spring-webmvc-5.3.22.jar:/Users/dduru/.m2/repository/org/springframework/spring-expression/5.3.22/spring-expression-5.3.22.jar:/Users/dduru/.m2/repository/software/amazon/awssdk/s3/2.15.15/s3-2.15.15.jar:/Users/dduru/.m2/repository/software/amazon/awssdk/aws-xml-protocol/2.15.15/aws-xml-protocol-2.15.15.jar:/Users/dduru/.m2/repository/software/amazon/awssdk/aws-query-protocol/2.15.15/aws-query-protocol-2.15.15.jar:/Users/dduru/.m2/repository/software/amazon/awssdk/protocol-core/2.15.15/protocol-core-2.15.15.jar:/Users/dduru/.m2/repository/software/amazon/awssdk/arns/2.15.15/arns-2.15.15.jar:/Users/dduru/.m2/repository/software/amazon/awssdk/profiles/2.15.15/profiles-2.15.15.jar:/Users/dduru/.m2/repository/software/amazon/awssdk/sdk-core/2.15.15/sdk-core-2.15.15.jar:/Users/dduru/.m2/repository/com/fasterxml/jackson/core/jackson-core/2.13.3/jackson-core-2.13.3.jar:/Users/dduru/.m2/repository/org/reactivestreams/reactive-streams/1.0.4/reactive-streams-1.0.4.jar:/Users/dduru/.m2/repository/software/amazon/awssdk/auth/2.15.15/auth-2.15.15.jar:/Users/dduru/.m2/repository/software/amazon/eventstream/eventstream/1.0.1/eventstream-1.0.1.jar:/Users/dduru/.m2/repository/software/amazon/awssdk/http-client-spi/2.15.15/http-client-spi-2.15.15.jar:/Users/dduru/.m2/repository/software/amazon/awssdk/regions/2.15.15/regions-2.15.15.jar:/Users/dduru/.m2/repository/com/fasterxml/jackson/core/jackson-annotations/2.13.3/jackson-annotations-2.13.3.jar:/Users/dduru/.m2/repository/software/amazon/awssdk/annotations/2.15.15/annotations-2.15.15.jar:/Users/dduru/.m2/repository/software/amazon/awssdk/utils/2.15.15/utils-2.15.15.jar:/Users/dduru/.m2/repository/software/amazon/awssdk/aws-core/2.15.15/aws-core-2.15.15.jar:/Users/dduru/.m2/repository/software/amazon/awssdk/metrics-spi/2.15.15/metrics-spi-2.15.15.jar:/Users/dduru/.m2/repository/software/amazon/awssdk/apache-client/2.15.15/apache-client-2.15.15.jar:/Users/dduru/.m2/repository/org/apache/httpcomponents/httpcore/4.4.15/httpcore-4.4.15.jar:/Users/dduru/.m2/repository/software/amazon/awssdk/netty-nio-client/2.15.15/netty-nio-client-2.15.15.jar:/Users/dduru/.m2/repository/io/netty/netty-codec-http/4.1.79.Final/netty-codec-http-4.1.79.Final.jar:/Users/dduru/.m2/repository/io/netty/netty-codec-http2/4.1.79.Final/netty-codec-http2-4.1.79.Final.jar:/Users/dduru/.m2/repository/io/netty/netty-codec/4.1.79.Final/netty-codec-4.1.79.Final.jar:/Users/dduru/.m2/repository/io/netty/netty-transport/4.1.79.Final/netty-transport-4.1.79.Final.jar:/Users/dduru/.m2/repository/io/netty/netty-buffer/4.1.79.Final/netty-buffer-4.1.79.Final.jar:/Users/dduru/.m2/repository/io/netty/netty-handler/4.1.79.Final/netty-handler-4.1.79.Final.jar:/Users/dduru/.m2/repository/io/netty/netty-transport-native-epoll/4.1.79.Final/netty-transport-native-epoll-4.1.79.Final-linux-x86_64.jar:/Users/dduru/.m2/repository/io/netty/netty-transport-classes-epoll/4.1.79.Final/netty-transport-classes-epoll-4.1.79.Final.jar:/Users/dduru/.m2/repository/com/typesafe/netty/netty-reactive-streams-http/2.0.4/netty-reactive-streams-http-2.0.4.jar:/Users/dduru/.m2/repository/com/typesafe/netty/netty-reactive-streams/2.0.4/netty-reactive-streams-2.0.4.jar:/Users/dduru/.m2/repository/com/cloudinary/cloudinary-http44/1.33.0/cloudinary-http44-1.33.0.jar:/Users/dduru/.m2/repository/com/cloudinary/cloudinary-core/1.33.0/cloudinary-core-1.33.0.jar:/Users/dduru/.m2/repository/org/apache/httpcomponents/httpclient/4.5.13/httpclient-4.5.13.jar:/Users/dduru/.m2/repository/commons-codec/commons-codec/1.15/commons-codec-1.15.jar:/Users/dduru/.m2/repository/org/apache/httpcomponents/httpmime/4.5.13/httpmime-4.5.13.jar:/Users/dduru/.m2/repository/commons-io/commons-io/1.3.2/commons-io-1.3.2.jar:/Users/dduru/.m2/repository/com/julianduru/util-lib/0.12.0-SNAPSHOT/util-lib-0.12.0-SNAPSHOT.jar:/Users/dduru/.m2/repository/org/springframework/boot/spring-boot-starter-validation/2.7.3/spring-boot-starter-validation-2.7.3.jar:/Users/dduru/.m2/repository/org/hibernate/validator/hibernate-validator/6.2.4.Final/hibernate-validator-6.2.4.Final.jar:/Users/dduru/.m2/repository/jakarta/validation/jakarta.validation-api/2.0.2/jakarta.validation-api-2.0.2.jar:/Users/dduru/.m2/repository/org/springframework/boot/spring-boot-starter-data-rest/2.7.3/spring-boot-starter-data-rest-2.7.3.jar:/Users/dduru/.m2/repository/org/springframework/data/spring-data-rest-webmvc/3.7.2/spring-data-rest-webmvc-3.7.2.jar:/Users/dduru/.m2/repository/org/springframework/data/spring-data-rest-core/3.7.2/spring-data-rest-core-3.7.2.jar:/Users/dduru/.m2/repository/org/springframework/hateoas/spring-hateoas/1.5.1/spring-hateoas-1.5.1.jar:/Users/dduru/.m2/repository/org/springframework/plugin/spring-plugin-core/2.0.0.RELEASE/spring-plugin-core-2.0.0.RELEASE.jar:/Users/dduru/.m2/repository/org/atteo/evo-inflector/1.3/evo-inflector-1.3.jar:/Users/dduru/.m2/repository/org/json/json/20190722/json-20190722.jar:/Users/dduru/.m2/repository/com/fasterxml/jackson/core/jackson-databind/2.13.3/jackson-databind-2.13.3.jar:/Users/dduru/.m2/repository/org/modelmapper/modelmapper/2.3.5/modelmapper-2.3.5.jar:/Users/dduru/.m2/repository/com/google/guava/guava/28.2-jre/guava-28.2-jre.jar:/Users/dduru/.m2/repository/com/google/guava/failureaccess/1.0.1/failureaccess-1.0.1.jar:/Users/dduru/.m2/repository/com/google/guava/listenablefuture/9999.0-empty-to-avoid-conflict-with-guava/listenablefuture-9999.0-empty-to-avoid-conflict-with-guava.jar:/Users/dduru/.m2/repository/com/google/code/findbugs/jsr305/3.0.2/jsr305-3.0.2.jar:/Users/dduru/.m2/repository/org/checkerframework/checker-qual/2.10.0/checker-qual-2.10.0.jar:/Users/dduru/.m2/repository/com/google/errorprone/error_prone_annotations/2.3.4/error_prone_annotations-2.3.4.jar:/Users/dduru/.m2/repository/com/google/j2objc/j2objc-annotations/1.3/j2objc-annotations-1.3.jar:/Users/dduru/.m2/repository/org/awaitility/awaitility/4.2.0/awaitility-4.2.0.jar:/Users/dduru/.m2/repository/commons-beanutils/commons-beanutils/1.9.3/commons-beanutils-1.9.3.jar:/Users/dduru/.m2/repository/commons-logging/commons-logging/1.2/commons-logging-1.2.jar:/Users/dduru/.m2/repository/commons-collections/commons-collections/3.2.2/commons-collections-3.2.2.jar:/Users/dduru/.m2/repository/org/liquibase/liquibase-core/4.9.1/liquibase-core-4.9.1.jar:/Users/dduru/.m2/repository/javax/xml/bind/jaxb-api/2.3.1/jaxb-api-2.3.1.jar:/Users/dduru/.m2/repository/javax/activation/javax.activation-api/1.2.0/javax.activation-api-1.2.0.jar:/Users/dduru/.m2/repository/org/liquibase/liquibase-maven-plugin/4.6.2/liquibase-maven-plugin-4.6.2.jar:/Users/dduru/.m2/repository/org/apache/maven/maven-plugin-api/3.3.9/maven-plugin-api-3.3.9.jar:/Users/dduru/.m2/repository/org/apache/maven/maven-model/3.3.9/maven-model-3.3.9.jar:/Users/dduru/.m2/repository/org/eclipse/sisu/org.eclipse.sisu.plexus/0.3.2/org.eclipse.sisu.plexus-0.3.2.jar:/Users/dduru/.m2/repository/javax/enterprise/cdi-api/1.0/cdi-api-1.0.jar:/Users/dduru/.m2/repository/javax/annotation/jsr250-api/1.0/jsr250-api-1.0.jar:/Users/dduru/.m2/repository/org/eclipse/sisu/org.eclipse.sisu.inject/0.3.2/org.eclipse.sisu.inject-0.3.2.jar:/Users/dduru/.m2/repository/org/apache/maven/maven-core/3.3.9/maven-core-3.3.9.jar:/Users/dduru/.m2/repository/org/apache/maven/maven-settings/3.3.9/maven-settings-3.3.9.jar:/Users/dduru/.m2/repository/org/apache/maven/maven-settings-builder/3.3.9/maven-settings-builder-3.3.9.jar:/Users/dduru/.m2/repository/org/apache/maven/maven-builder-support/3.3.9/maven-builder-support-3.3.9.jar:/Users/dduru/.m2/repository/org/apache/maven/maven-repository-metadata/3.3.9/maven-repository-metadata-3.3.9.jar:/Users/dduru/.m2/repository/org/apache/maven/maven-model-builder/3.3.9/maven-model-builder-3.3.9.jar:/Users/dduru/.m2/repository/org/apache/maven/maven-aether-provider/3.3.9/maven-aether-provider-3.3.9.jar:/Users/dduru/.m2/repository/org/eclipse/aether/aether-spi/1.0.2.v20150114/aether-spi-1.0.2.v20150114.jar:/Users/dduru/.m2/repository/org/eclipse/aether/aether-impl/1.0.2.v20150114/aether-impl-1.0.2.v20150114.jar:/Users/dduru/.m2/repository/org/eclipse/aether/aether-api/1.0.2.v20150114/aether-api-1.0.2.v20150114.jar:/Users/dduru/.m2/repository/org/eclipse/aether/aether-util/1.0.2.v20150114/aether-util-1.0.2.v20150114.jar:/Users/dduru/.m2/repository/com/google/inject/guice/4.0/guice-4.0-no_aop.jar:/Users/dduru/.m2/repository/javax/inject/javax.inject/1/javax.inject-1.jar:/Users/dduru/.m2/repository/aopalliance/aopalliance/1.0/aopalliance-1.0.jar:/Users/dduru/.m2/repository/org/codehaus/plexus/plexus-interpolation/1.21/plexus-interpolation-1.21.jar:/Users/dduru/.m2/repository/org/codehaus/plexus/plexus-utils/3.0.22/plexus-utils-3.0.22.jar:/Users/dduru/.m2/repository/org/codehaus/plexus/plexus-classworlds/2.5.2/plexus-classworlds-2.5.2.jar:/Users/dduru/.m2/repository/org/codehaus/plexus/plexus-component-annotations/1.6/plexus-component-annotations-1.6.jar:/Users/dduru/.m2/repository/org/sonatype/plexus/plexus-sec-dispatcher/1.3/plexus-sec-dispatcher-1.3.jar:/Users/dduru/.m2/repository/org/sonatype/plexus/plexus-cipher/1.4/plexus-cipher-1.4.jar:/Users/dduru/.m2/repository/org/apache/maven/maven-artifact/3.3.9/maven-artifact-3.3.9.jar:/Users/dduru/.m2/repository/org/apache/maven/maven-compat/3.3.9/maven-compat-3.3.9.jar:/Users/dduru/.m2/repository/org/apache/maven/wagon/wagon-provider-api/2.10/wagon-provider-api-2.10.jar:/Users/dduru/.m2/repository/org/springframework/boot/spring-boot-starter-data-jpa/2.7.3/spring-boot-starter-data-jpa-2.7.3.jar:/Users/dduru/.m2/repository/org/springframework/boot/spring-boot-starter-aop/2.7.3/spring-boot-starter-aop-2.7.3.jar:/Users/dduru/.m2/repository/org/springframework/spring-aop/5.3.22/spring-aop-5.3.22.jar:/Users/dduru/.m2/repository/org/aspectj/aspectjweaver/1.9.7/aspectjweaver-1.9.7.jar:/Users/dduru/.m2/repository/org/springframework/boot/spring-boot-starter-jdbc/2.7.3/spring-boot-starter-jdbc-2.7.3.jar:/Users/dduru/.m2/repository/com/zaxxer/HikariCP/4.0.3/HikariCP-4.0.3.jar:/Users/dduru/.m2/repository/org/springframework/spring-jdbc/5.3.22/spring-jdbc-5.3.22.jar:/Users/dduru/.m2/repository/jakarta/transaction/jakarta.transaction-api/1.3.3/jakarta.transaction-api-1.3.3.jar:/Users/dduru/.m2/repository/jakarta/persistence/jakarta.persistence-api/2.2.3/jakarta.persistence-api-2.2.3.jar:/Users/dduru/.m2/repository/org/hibernate/hibernate-core/5.6.10.Final/hibernate-core-5.6.10.Final.jar:/Users/dduru/.m2/repository/org/jboss/logging/jboss-logging/3.4.3.Final/jboss-logging-3.4.3.Final.jar:/Users/dduru/.m2/repository/net/bytebuddy/byte-buddy/1.12.13/byte-buddy-1.12.13.jar:/Users/dduru/.m2/repository/antlr/antlr/2.7.7/antlr-2.7.7.jar:/Users/dduru/.m2/repository/org/jboss/jandex/2.4.2.Final/jandex-2.4.2.Final.jar:/Users/dduru/.m2/repository/com/fasterxml/classmate/1.5.1/classmate-1.5.1.jar:/Users/dduru/.m2/repository/org/hibernate/common/hibernate-commons-annotations/5.1.2.Final/hibernate-commons-annotations-5.1.2.Final.jar:/Users/dduru/.m2/repository/org/glassfish/jaxb/jaxb-runtime/2.3.6/jaxb-runtime-2.3.6.jar:/Users/dduru/.m2/repository/org/glassfish/jaxb/txw2/2.3.6/txw2-2.3.6.jar:/Users/dduru/.m2/repository/com/sun/istack/istack-commons-runtime/3.0.12/istack-commons-runtime-3.0.12.jar:/Users/dduru/.m2/repository/com/sun/activation/jakarta.activation/1.2.2/jakarta.activation-1.2.2.jar:/Users/dduru/.m2/repository/org/springframework/data/spring-data-jpa/2.7.2/spring-data-jpa-2.7.2.jar:/Users/dduru/.m2/repository/org/springframework/data/spring-data-commons/2.7.2/spring-data-commons-2.7.2.jar:/Users/dduru/.m2/repository/org/springframework/spring-orm/5.3.22/spring-orm-5.3.22.jar:/Users/dduru/.m2/repository/org/springframework/spring-context/5.3.22/spring-context-5.3.22.jar:/Users/dduru/.m2/repository/org/springframework/spring-tx/5.3.22/spring-tx-5.3.22.jar:/Users/dduru/.m2/repository/org/springframework/spring-beans/5.3.22/spring-beans-5.3.22.jar:/Users/dduru/.m2/repository/org/slf4j/slf4j-api/1.7.36/slf4j-api-1.7.36.jar:/Users/dduru/.m2/repository/org/springframework/spring-aspects/5.3.22/spring-aspects-5.3.22.jar:/Users/dduru/.m2/repository/mysql/mysql-connector-java/8.0.19/mysql-connector-java-8.0.19.jar:/Users/dduru/.m2/repository/org/testcontainers/mysql/1.15.3/mysql-1.15.3.jar:/Users/dduru/.m2/repository/org/testcontainers/jdbc/1.15.3/jdbc-1.15.3.jar:/Users/dduru/.m2/repository/org/testcontainers/database-commons/1.15.3/database-commons-1.15.3.jar:/Users/dduru/.m2/repository/org/projectlombok/lombok/1.18.24/lombok-1.18.24.jar:/Users/dduru/.m2/repository/org/testcontainers/junit-jupiter/1.15.3/junit-jupiter-1.15.3.jar:/Users/dduru/.m2/repository/org/testcontainers/testcontainers/1.15.3/testcontainers-1.15.3.jar:/Users/dduru/.m2/repository/junit/junit/4.13.2/junit-4.13.2.jar:/Users/dduru/.m2/repository/org/hamcrest/hamcrest-core/2.2/hamcrest-core-2.2.jar:/Users/dduru/.m2/repository/org/apache/commons/commons-compress/1.20/commons-compress-1.20.jar:/Users/dduru/.m2/repository/org/rnorth/duct-tape/duct-tape/1.0.8/duct-tape-1.0.8.jar:/Users/dduru/.m2/repository/org/rnorth/visible-assertions/visible-assertions/2.1.2/visible-assertions-2.1.2.jar:/Users/dduru/.m2/repository/net/java/dev/jna/jna/5.8.0/jna-5.8.0.jar:/Users/dduru/.m2/repository/com/github/docker-java/docker-java-api/3.2.8/docker-java-api-3.2.8.jar:/Users/dduru/.m2/repository/com/github/docker-java/docker-java-transport-zerodep/3.2.8/docker-java-transport-zerodep-3.2.8.jar:/Users/dduru/.m2/repository/com/github/docker-java/docker-java-transport/3.2.8/docker-java-transport-3.2.8.jar:/Users/dduru/.m2/repository/org/junit/jupiter/junit-jupiter-api/5.8.2/junit-jupiter-api-5.8.2.jar:/Users/dduru/.m2/repository/org/opentest4j/opentest4j/1.2.0/opentest4j-1.2.0.jar:/Users/dduru/.m2/repository/org/junit/platform/junit-platform-commons/1.8.2/junit-platform-commons-1.8.2.jar:/Users/dduru/.m2/repository/org/apiguardian/apiguardian-api/1.1.2/apiguardian-api-1.1.2.jar:/Users/dduru/.m2/repository/com/h2database/h2/1.4.200/h2-1.4.200.jar:/Users/dduru/.m2/repository/com/github/javafaker/javafaker/1.0.2/javafaker-1.0.2.jar:/Users/dduru/.m2/repository/org/apache/commons/commons-lang3/3.12.0/commons-lang3-3.12.0.jar:/Users/dduru/.m2/repository/org/yaml/snakeyaml/1.23/snakeyaml-1.23-android.jar:/Users/dduru/.m2/repository/com/github/mifmif/generex/1.0.2/generex-1.0.2.jar:/Users/dduru/.m2/repository/dk/brics/automaton/automaton/1.11-8/automaton-1.11-8.jar:/Users/dduru/.m2/repository/org/springframework/boot/spring-boot-starter-test/2.7.3/spring-boot-starter-test-2.7.3.jar:/Users/dduru/.m2/repository/org/springframework/boot/spring-boot-starter/2.7.3/spring-boot-starter-2.7.3.jar:/Users/dduru/.m2/repository/org/springframework/boot/spring-boot/2.7.3/spring-boot-2.7.3.jar:/Users/dduru/.m2/repository/org/springframework/boot/spring-boot-autoconfigure/2.7.3/spring-boot-autoconfigure-2.7.3.jar:/Users/dduru/.m2/repository/org/springframework/boot/spring-boot-starter-logging/2.7.3/spring-boot-starter-logging-2.7.3.jar:/Users/dduru/.m2/repository/ch/qos/logback/logback-classic/1.2.11/logback-classic-1.2.11.jar:/Users/dduru/.m2/repository/ch/qos/logback/logback-core/1.2.11/logback-core-1.2.11.jar:/Users/dduru/.m2/repository/org/apache/logging/log4j/log4j-to-slf4j/2.17.2/log4j-to-slf4j-2.17.2.jar:/Users/dduru/.m2/repository/org/apache/logging/log4j/log4j-api/2.17.2/log4j-api-2.17.2.jar:/Users/dduru/.m2/repository/org/slf4j/jul-to-slf4j/1.7.36/jul-to-slf4j-1.7.36.jar:/Users/dduru/.m2/repository/jakarta/annotation/jakarta.annotation-api/1.3.5/jakarta.annotation-api-1.3.5.jar:/Users/dduru/.m2/repository/org/yaml/snakeyaml/1.30/snakeyaml-1.30.jar:/Users/dduru/.m2/repository/org/springframework/boot/spring-boot-test/2.7.3/spring-boot-test-2.7.3.jar:/Users/dduru/.m2/repository/org/springframework/boot/spring-boot-test-autoconfigure/2.7.3/spring-boot-test-autoconfigure-2.7.3.jar:/Users/dduru/.m2/repository/com/jayway/jsonpath/json-path/2.7.0/json-path-2.7.0.jar:/Users/dduru/.m2/repository/net/minidev/json-smart/2.4.8/json-smart-2.4.8.jar:/Users/dduru/.m2/repository/net/minidev/accessors-smart/2.4.8/accessors-smart-2.4.8.jar:/Users/dduru/.m2/repository/org/ow2/asm/asm/9.1/asm-9.1.jar:/Users/dduru/.m2/repository/jakarta/xml/bind/jakarta.xml.bind-api/2.3.3/jakarta.xml.bind-api-2.3.3.jar:/Users/dduru/.m2/repository/jakarta/activation/jakarta.activation-api/1.2.2/jakarta.activation-api-1.2.2.jar:/Users/dduru/.m2/repository/org/assertj/assertj-core/3.22.0/assertj-core-3.22.0.jar:/Users/dduru/.m2/repository/org/hamcrest/hamcrest/2.2/hamcrest-2.2.jar:/Users/dduru/.m2/repository/org/junit/jupiter/junit-jupiter/5.8.2/junit-jupiter-5.8.2.jar:/Users/dduru/.m2/repository/org/junit/jupiter/junit-jupiter-params/5.8.2/junit-jupiter-params-5.8.2.jar:/Users/dduru/.m2/repository/org/junit/jupiter/junit-jupiter-engine/5.8.2/junit-jupiter-engine-5.8.2.jar:/Users/dduru/.m2/repository/org/junit/platform/junit-platform-engine/1.8.2/junit-platform-engine-1.8.2.jar:/Users/dduru/.m2/repository/org/mockito/mockito-core/4.5.1/mockito-core-4.5.1.jar:/Users/dduru/.m2/repository/net/bytebuddy/byte-buddy-agent/1.12.13/byte-buddy-agent-1.12.13.jar:/Users/dduru/.m2/repository/org/objenesis/objenesis/3.2/objenesis-3.2.jar:/Users/dduru/.m2/repository/org/mockito/mockito-junit-jupiter/4.5.1/mockito-junit-jupiter-4.5.1.jar:/Users/dduru/.m2/repository/org/skyscreamer/jsonassert/1.5.1/jsonassert-1.5.1.jar:/Users/dduru/.m2/repository/com/vaadin/external/google/android-json/0.0.20131108.vaadin1/android-json-0.0.20131108.vaadin1.jar:/Users/dduru/.m2/repository/org/springframework/spring-core/5.3.22/spring-core-5.3.22.jar:/Users/dduru/.m2/repository/org/springframework/spring-jcl/5.3.22/spring-jcl-5.3.22.jar:/Users/dduru/.m2/repository/org/springframework/spring-test/5.3.22/spring-test-5.3.22.jar:/Users/dduru/.m2/repository/org/xmlunit/xmlunit-core/2.9.0/xmlunit-core-2.9.0.jar:/Users/dduru/.m2/repository/com/github/ulisesbocchio/jasypt-spring-boot-starter/3.0.4/jasypt-spring-boot-starter-3.0.4.jar:/Users/dduru/.m2/repository/com/github/ulisesbocchio/jasypt-spring-boot/3.0.4/jasypt-spring-boot-3.0.4.jar:/Users/dduru/.m2/repository/org/jasypt/jasypt/1.9.3/jasypt-1.9.3.jar:/Users/dduru/.m2/repository/io/netty/netty-resolver-dns-native-macos/4.1.79.Final/netty-resolver-dns-native-macos-4.1.79.Final-osx-aarch_64.jar:/Users/dduru/.m2/repository/io/netty/netty-resolver-dns-classes-macos/4.1.79.Final/netty-resolver-dns-classes-macos-4.1.79.Final.jar:/Users/dduru/.m2/repository/io/netty/netty-common/4.1.79.Final/netty-common-4.1.79.Final.jar:/Users/dduru/.m2/repository/io/netty/netty-resolver-dns/4.1.79.Final/netty-resolver-dns-4.1.79.Final.jar:/Users/dduru/.m2/repository/io/netty/netty-resolver/4.1.79.Final/netty-resolver-4.1.79.Final.jar:/Users/dduru/.m2/repository/io/netty/netty-codec-dns/4.1.79.Final/netty-codec-dns-4.1.79.Final.jar:/Users/dduru/.m2/repository/io/netty/netty-transport-native-unix-common/4.1.79.Final/netty-transport-native-unix-common-4.1.79.Final.jar:"/>
    <property name="sun.cpu.endian" value="little"/>
    <property name="user.home" value="/Users/dduru"/>
    <property name="user.language" value="en"/>
    <property name="java.specification.vendor" value="Oracle Corporation"/>
    <property name="java.version.date" value="2022-01-18"/>
    <property name="java.home" value="/Library/Java/JavaVirtualMachines/jdk-17.0.2.jdk/Contents/Home"/>
    <property name="file.separator" value="/"/>
    <property name="basedir" value="/Users/dduru/IdeaProjects/Private/libs/file-uploader-jpa"/>
    <property name="java.vm.compressedOopsMode" value="Zero based"/>
    <property name="line.separator" value="&#10;"/>
    <property name="java.specification.name" value="Java Platform API Specification"/>
    <property name="java.vm.specification.vendor" value="Oracle Corporation"/>
    <property name="surefire.real.class.path" value="/Users/dduru/IdeaProjects/Private/libs/file-uploader-jpa/target/surefire/surefirebooter6321670699713223228.jar"/>
    <property name="sun.management.compiler" value="HotSpot 64-Bit Tiered Compilers"/>
    <property name="ftp.nonProxyHosts" value="local|*.local|169.254/16|*.169.254/16"/>
    <property name="java.runtime.version" value="17.0.2+8-LTS-86"/>
    <property name="user.name" value="dduru"/>
    <property name="path.separator" value=":"/>
    <property name="os.version" value="12.6.1"/>
    <property name="java.runtime.name" value="Java(TM) SE Runtime Environment"/>
    <property name="file.encoding" value="US-ASCII"/>
    <property name="java.vm.name" value="Java HotSpot(TM) 64-Bit Server VM"/>
    <property name="localRepository" value="/Users/dduru/.m2/repository"/>
    <property name="java.vendor.url.bug" value="https://bugreport.java.com/bugreport/"/>
    <property name="java.io.tmpdir" value="/var/folders/pz/s0k_k9454l52xsjsn0bt4zdr0000gq/T/"/>
    <property name="idea.version" value="2021.3.1"/>
    <property name="java.version" value="17.0.2"/>
    <property name="user.dir" value="/Users/dduru/IdeaProjects/Private/libs/file-uploader-jpa"/>
    <property name="os.arch" value="aarch64"/>
    <property name="java.vm.specification.name" value="Java Virtual Machine Specification"/>
    <property name="native.encoding" value="US-ASCII"/>
    <property name="java.library.path" value="/Users/dduru/Library/Java/Extensions:/Library/Java/Extensions:/Network/Library/Java/Extensions:/System/Library/Java/Extensions:/usr/lib/java:."/>
    <property name="java.vm.info" value="mixed mode, sharing"/>
    <property name="java.vendor" value="Oracle Corporation"/>
    <property name="java.vm.version" value="17.0.2+8-LTS-86"/>
    <property name="sun.io.unicode.encoding" value="UnicodeBig"/>
    <property name="socksNonProxyHosts" value="local|*.local|169.254/16|*.169.254/16"/>
    <property name="java.class.version" value="61.0"/>
  </properties>
  <testcase name="com.julianduru.fileuploader.FileUploaderApplicationTests" classname="com.julianduru.fileuploader.FileUploaderApplicationTests" time="0.002">
    <error message="Unable to find a @SpringBootConfiguration, you need to use @ContextConfiguration or @SpringBootTest(classes=...) with your test" type="java.lang.IllegalStateException">java.lang.IllegalStateException: Unable to find a @SpringBootConfiguration, you need to use @ContextConfiguration or @SpringBootTest(classes=...) with your test
</error>
    <system-out><![CDATA[2022-11-20 10:49:18.178  INFO 8704 --- [           main] .b.t.c.SpringBootTestContextBootstrapper : Neither @ContextConfiguration nor @ContextHierarchy found for test class [com.julianduru.fileuploader.FileUploaderApplicationTests], using SpringBootContextLoader
2022-11-20 10:49:18.178  INFO 8704 --- [           main] o.s.t.c.support.AbstractContextLoader    : Could not detect default resource locations for test class [com.julianduru.fileuploader.FileUploaderApplicationTests]: no resource found for suffixes {-context.xml, Context.groovy}.
2022-11-20 10:49:18.179  INFO 8704 --- [           main] t.c.s.AnnotationConfigContextLoaderUtils : Could not detect default configuration classes for test class [com.julianduru.fileuploader.FileUploaderApplicationTests]: FileUploaderApplicationTests does not declare any static, non-private, non-final, nested classes annotated with @Configuration.
]]></system-out>
  </testcase>
</testsuite>